#! /c/Source/iverilog-install/bin/vvp
:ivl_version "12.0 (devel)" "(s20150603-1539-g2693dd32b)";
:ivl_delay_selection "TYPICAL";
:vpi_time_precision - 12;
:vpi_module "D:\10_verilog\iverilog\lib\ivl\system.vpi";
:vpi_module "D:\10_verilog\iverilog\lib\ivl\vhdl_sys.vpi";
:vpi_module "D:\10_verilog\iverilog\lib\ivl\vhdl_textio.vpi";
:vpi_module "D:\10_verilog\iverilog\lib\ivl\v2005_math.vpi";
:vpi_module "D:\10_verilog\iverilog\lib\ivl\va_math.vpi";
S_0000025e6dbf1850 .scope module, "processor_tb" "processor_tb" 2 2;
 .timescale -9 -12;
v0000025e6dc508b0_0 .var "clk", 0 0;
v0000025e6dc50950_0 .var "reset", 0 0;
S_0000025e6dbf19e0 .scope module, "uut" "processor" 2 6, 3 1 0, S_0000025e6dbf1850;
 .timescale 0 0;
    .port_info 0 /INPUT 1 "clk";
    .port_info 1 /INPUT 1 "reset";
P_0000025e6dbf1b70 .param/l "DECODE" 0 3 10, C4<001>;
P_0000025e6dbf1ba8 .param/l "EXECUTE" 0 3 10, C4<010>;
P_0000025e6dbf1be0 .param/l "FETCH" 0 3 10, C4<000>;
P_0000025e6dbf1c18 .param/l "WRITEBACK" 0 3 10, C4<011>;
L_0000025e6dbead90 .functor AND 1, v0000025e6dbf95a0_0, L_0000025e6dc5b330, C4<1>, C4<1>;
L_0000025e6dcf0088 .functor BUFT 1, C4<011>, C4<0>, C4<0>, C4<0>;
v0000025e6dc50a90_0 .net/2u *"_ivl_6", 2 0, L_0000025e6dcf0088;  1 drivers
v0000025e6dc4f690_0 .net *"_ivl_8", 0 0, L_0000025e6dc5b330;  1 drivers
v0000025e6dc4f0f0_0 .net "acc_write", 0 0, v0000025e6dbf9b40_0;  1 drivers
v0000025e6dc4feb0_0 .var "accumulator", 7 0;
v0000025e6dc50c70_0 .net "alu_enable", 0 0, v0000025e6dbf9c80_0;  1 drivers
v0000025e6dc50590_0 .net "alu_op2", 7 0, L_0000025e6dc5ab10;  1 drivers
v0000025e6dc4fe10_0 .net "alu_result", 7 0, v0000025e6dbf9640_0;  1 drivers
v0000025e6dc4f4b0_0 .net "carry_flag", 0 0, v0000025e6dbfa2c0_0;  1 drivers
v0000025e6dc4f730_0 .net "clk", 0 0, v0000025e6dc508b0_0;  1 drivers
v0000025e6dc4f7d0_0 .net "instruction", 19 0, v0000025e6dc4f190_0;  1 drivers
v0000025e6dc4f410_0 .var "instruction_reg", 19 0;
v0000025e6dc4faf0_0 .net "is_mov", 0 0, v0000025e6dbfa220_0;  1 drivers
v0000025e6dc4f2d0_0 .net "is_store", 0 0, v0000025e6dbfa360_0;  1 drivers
v0000025e6dc4fc30_0 .net "is_store_imm", 0 0, v0000025e6dbfa400_0;  1 drivers
v0000025e6dc503b0_0 .net "mem_data_out", 7 0, v0000025e6dc4f230_0;  1 drivers
v0000025e6dc50d10_0 .net "mem_read", 0 0, v0000025e6dbf9e60_0;  1 drivers
v0000025e6dc501d0_0 .net "mem_write", 0 0, v0000025e6dbf9500_0;  1 drivers
v0000025e6dc50090_0 .net "opcode", 3 0, L_0000025e6dc5b470;  1 drivers
v0000025e6dc4f9b0_0 .net "operand1", 7 0, L_0000025e6dc5a930;  1 drivers
v0000025e6dc4fa50_0 .net "operand2", 7 0, L_0000025e6dc5b970;  1 drivers
v0000025e6dc4f550_0 .var "pc", 3 0;
v0000025e6dc50630_0 .net "reg0", 7 0, v0000025e6dc50310_0;  1 drivers
v0000025e6dc4ff50_0 .net "reg1", 7 0, v0000025e6dc50450_0;  1 drivers
v0000025e6dc4ee70_0 .net "reg2", 7 0, v0000025e6dc4fff0_0;  1 drivers
v0000025e6dc4f5f0_0 .net "reg_data_out", 7 0, v0000025e6dc50bd0_0;  1 drivers
v0000025e6dc4fcd0_0 .net "reg_sel", 1 0, L_0000025e6dc509f0;  1 drivers
v0000025e6dc50130_0 .net "reg_write", 0 0, v0000025e6dbf95a0_0;  1 drivers
v0000025e6dc504f0_0 .net "reg_write_data", 7 0, L_0000025e6dc5abb0;  1 drivers
v0000025e6dc506d0_0 .net "reset", 0 0, v0000025e6dc50950_0;  1 drivers
v0000025e6dc50770_0 .var "state", 2 0;
v0000025e6dc4f050_0 .net "use_immediate", 0 0, v0000025e6dbf96e0_0;  1 drivers
v0000025e6dc4efb0_0 .net "zero_flag", 0 0, v0000025e6dbfa180_0;  1 drivers
E_0000025e6dbf68b0 .event posedge, v0000025e6dc506d0_0, v0000025e6dbf9a00_0;
L_0000025e6dc509f0 .part L_0000025e6dc5a930, 0, 2;
L_0000025e6dc5ab10 .functor MUXZ 8, v0000025e6dc50bd0_0, L_0000025e6dc5a930, v0000025e6dbf96e0_0, C4<>;
L_0000025e6dc5abb0 .functor MUXZ 8, v0000025e6dbf9640_0, L_0000025e6dc5b970, v0000025e6dbfa220_0, C4<>;
L_0000025e6dc5b330 .cmp/eq 3, v0000025e6dc50770_0, L_0000025e6dcf0088;
L_0000025e6dc5b3d0 .functor MUXZ 8, v0000025e6dc4feb0_0, L_0000025e6dc5b970, v0000025e6dbfa400_0, C4<>;
S_0000025e6dbe99e0 .scope module, "alu_unit" "alu" 3 33, 4 1 0, S_0000025e6dbf19e0;
 .timescale 0 0;
    .port_info 0 /INPUT 8 "op1";
    .port_info 1 /INPUT 8 "op2";
    .port_info 2 /INPUT 4 "opcode";
    .port_info 3 /OUTPUT 8 "result";
    .port_info 4 /OUTPUT 1 "carry_flag";
    .port_info 5 /OUTPUT 1 "zero_flag";
v0000025e6dbfa2c0_0 .var "carry_flag", 0 0;
v0000025e6dbf9f00_0 .net "op1", 7 0, v0000025e6dc4feb0_0;  1 drivers
v0000025e6dbf9be0_0 .net "op2", 7 0, L_0000025e6dc5ab10;  alias, 1 drivers
v0000025e6dbf9aa0_0 .net "opcode", 3 0, L_0000025e6dc5b470;  alias, 1 drivers
v0000025e6dbf9640_0 .var "result", 7 0;
v0000025e6dbfa180_0 .var "zero_flag", 0 0;
E_0000025e6dbf6db0 .event anyedge, v0000025e6dbf9aa0_0, v0000025e6dbf9f00_0, v0000025e6dbf9be0_0, v0000025e6dbf9640_0;
S_0000025e6dbe9b70 .scope module, "cu" "control_unit" 3 28, 5 1 0, S_0000025e6dbf19e0;
 .timescale 0 0;
    .port_info 0 /INPUT 4 "opcode";
    .port_info 1 /OUTPUT 1 "alu_enable";
    .port_info 2 /OUTPUT 1 "reg_write";
    .port_info 3 /OUTPUT 1 "acc_write";
    .port_info 4 /OUTPUT 1 "mem_read";
    .port_info 5 /OUTPUT 1 "mem_write";
    .port_info 6 /OUTPUT 1 "is_store";
    .port_info 7 /OUTPUT 1 "is_mov";
    .port_info 8 /OUTPUT 1 "is_store_imm";
    .port_info 9 /OUTPUT 1 "use_immediate";
v0000025e6dbf9b40_0 .var "acc_write", 0 0;
v0000025e6dbf9c80_0 .var "alu_enable", 0 0;
v0000025e6dbfa220_0 .var "is_mov", 0 0;
v0000025e6dbfa360_0 .var "is_store", 0 0;
v0000025e6dbfa400_0 .var "is_store_imm", 0 0;
v0000025e6dbf9e60_0 .var "mem_read", 0 0;
v0000025e6dbf9500_0 .var "mem_write", 0 0;
v0000025e6dbfa040_0 .net "opcode", 3 0, L_0000025e6dc5b470;  alias, 1 drivers
v0000025e6dbf95a0_0 .var "reg_write", 0 0;
v0000025e6dbf96e0_0 .var "use_immediate", 0 0;
E_0000025e6dbf6670 .event anyedge, v0000025e6dbf9aa0_0;
S_0000025e6dbe36f0 .scope module, "dec" "decoder" 3 26, 6 1 0, S_0000025e6dbf19e0;
 .timescale 0 0;
    .port_info 0 /INPUT 20 "instruction";
    .port_info 1 /OUTPUT 4 "opcode";
    .port_info 2 /OUTPUT 8 "operand1";
    .port_info 3 /OUTPUT 8 "operand2";
v0000025e6dbf9780_0 .net "instruction", 19 0, v0000025e6dc4f410_0;  1 drivers
v0000025e6dbf9d20_0 .net "opcode", 3 0, L_0000025e6dc5b470;  alias, 1 drivers
v0000025e6dbf9820_0 .net "operand1", 7 0, L_0000025e6dc5a930;  alias, 1 drivers
v0000025e6dbf9960_0 .net "operand2", 7 0, L_0000025e6dc5b970;  alias, 1 drivers
L_0000025e6dc5b470 .part v0000025e6dc4f410_0, 16, 4;
L_0000025e6dc5a930 .part v0000025e6dc4f410_0, 8, 8;
L_0000025e6dc5b970 .part v0000025e6dc4f410_0, 0, 8;
S_0000025e6dbe3880 .scope module, "dm" "data_memory" 3 46, 7 1 0, S_0000025e6dbf19e0;
 .timescale 0 0;
    .port_info 0 /INPUT 1 "clk";
    .port_info 1 /INPUT 1 "mem_read";
    .port_info 2 /INPUT 1 "mem_write";
    .port_info 3 /INPUT 8 "addr";
    .port_info 4 /INPUT 8 "write_data";
    .port_info 5 /OUTPUT 8 "read_data";
v0000025e6dbf98c0_0 .net "addr", 7 0, L_0000025e6dc5a930;  alias, 1 drivers
v0000025e6dbf9a00_0 .net "clk", 0 0, v0000025e6dc508b0_0;  alias, 1 drivers
v0000025e6dbf9dc0_0 .net "mem_read", 0 0, v0000025e6dbf9e60_0;  alias, 1 drivers
v0000025e6dc4f870_0 .net "mem_write", 0 0, v0000025e6dbf9500_0;  alias, 1 drivers
v0000025e6dc50810 .array "memory", 255 0, 7 0;
v0000025e6dc4f230_0 .var "read_data", 7 0;
v0000025e6dc4f910_0 .net "write_data", 7 0, L_0000025e6dc5b3d0;  1 drivers
v0000025e6dc50810_0 .array/port v0000025e6dc50810, 0;
v0000025e6dc50810_1 .array/port v0000025e6dc50810, 1;
E_0000025e6dbf6cb0/0 .event anyedge, v0000025e6dbf9e60_0, v0000025e6dbf9820_0, v0000025e6dc50810_0, v0000025e6dc50810_1;
v0000025e6dc50810_2 .array/port v0000025e6dc50810, 2;
v0000025e6dc50810_3 .array/port v0000025e6dc50810, 3;
v0000025e6dc50810_4 .array/port v0000025e6dc50810, 4;
v0000025e6dc50810_5 .array/port v0000025e6dc50810, 5;
E_0000025e6dbf6cb0/1 .event anyedge, v0000025e6dc50810_2, v0000025e6dc50810_3, v0000025e6dc50810_4, v0000025e6dc50810_5;
v0000025e6dc50810_6 .array/port v0000025e6dc50810, 6;
v0000025e6dc50810_7 .array/port v0000025e6dc50810, 7;
v0000025e6dc50810_8 .array/port v0000025e6dc50810, 8;
v0000025e6dc50810_9 .array/port v0000025e6dc50810, 9;
E_0000025e6dbf6cb0/2 .event anyedge, v0000025e6dc50810_6, v0000025e6dc50810_7, v0000025e6dc50810_8, v0000025e6dc50810_9;
v0000025e6dc50810_10 .array/port v0000025e6dc50810, 10;
v0000025e6dc50810_11 .array/port v0000025e6dc50810, 11;
v0000025e6dc50810_12 .array/port v0000025e6dc50810, 12;
v0000025e6dc50810_13 .array/port v0000025e6dc50810, 13;
E_0000025e6dbf6cb0/3 .event anyedge, v0000025e6dc50810_10, v0000025e6dc50810_11, v0000025e6dc50810_12, v0000025e6dc50810_13;
v0000025e6dc50810_14 .array/port v0000025e6dc50810, 14;
v0000025e6dc50810_15 .array/port v0000025e6dc50810, 15;
v0000025e6dc50810_16 .array/port v0000025e6dc50810, 16;
v0000025e6dc50810_17 .array/port v0000025e6dc50810, 17;
E_0000025e6dbf6cb0/4 .event anyedge, v0000025e6dc50810_14, v0000025e6dc50810_15, v0000025e6dc50810_16, v0000025e6dc50810_17;
v0000025e6dc50810_18 .array/port v0000025e6dc50810, 18;
v0000025e6dc50810_19 .array/port v0000025e6dc50810, 19;
v0000025e6dc50810_20 .array/port v0000025e6dc50810, 20;
v0000025e6dc50810_21 .array/port v0000025e6dc50810, 21;
E_0000025e6dbf6cb0/5 .event anyedge, v0000025e6dc50810_18, v0000025e6dc50810_19, v0000025e6dc50810_20, v0000025e6dc50810_21;
v0000025e6dc50810_22 .array/port v0000025e6dc50810, 22;
v0000025e6dc50810_23 .array/port v0000025e6dc50810, 23;
v0000025e6dc50810_24 .array/port v0000025e6dc50810, 24;
v0000025e6dc50810_25 .array/port v0000025e6dc50810, 25;
E_0000025e6dbf6cb0/6 .event anyedge, v0000025e6dc50810_22, v0000025e6dc50810_23, v0000025e6dc50810_24, v0000025e6dc50810_25;
v0000025e6dc50810_26 .array/port v0000025e6dc50810, 26;
v0000025e6dc50810_27 .array/port v0000025e6dc50810, 27;
v0000025e6dc50810_28 .array/port v0000025e6dc50810, 28;
v0000025e6dc50810_29 .array/port v0000025e6dc50810, 29;
E_0000025e6dbf6cb0/7 .event anyedge, v0000025e6dc50810_26, v0000025e6dc50810_27, v0000025e6dc50810_28, v0000025e6dc50810_29;
v0000025e6dc50810_30 .array/port v0000025e6dc50810, 30;
v0000025e6dc50810_31 .array/port v0000025e6dc50810, 31;
v0000025e6dc50810_32 .array/port v0000025e6dc50810, 32;
v0000025e6dc50810_33 .array/port v0000025e6dc50810, 33;
E_0000025e6dbf6cb0/8 .event anyedge, v0000025e6dc50810_30, v0000025e6dc50810_31, v0000025e6dc50810_32, v0000025e6dc50810_33;
v0000025e6dc50810_34 .array/port v0000025e6dc50810, 34;
v0000025e6dc50810_35 .array/port v0000025e6dc50810, 35;
v0000025e6dc50810_36 .array/port v0000025e6dc50810, 36;
v0000025e6dc50810_37 .array/port v0000025e6dc50810, 37;
E_0000025e6dbf6cb0/9 .event anyedge, v0000025e6dc50810_34, v0000025e6dc50810_35, v0000025e6dc50810_36, v0000025e6dc50810_37;
v0000025e6dc50810_38 .array/port v0000025e6dc50810, 38;
v0000025e6dc50810_39 .array/port v0000025e6dc50810, 39;
v0000025e6dc50810_40 .array/port v0000025e6dc50810, 40;
v0000025e6dc50810_41 .array/port v0000025e6dc50810, 41;
E_0000025e6dbf6cb0/10 .event anyedge, v0000025e6dc50810_38, v0000025e6dc50810_39, v0000025e6dc50810_40, v0000025e6dc50810_41;
v0000025e6dc50810_42 .array/port v0000025e6dc50810, 42;
v0000025e6dc50810_43 .array/port v0000025e6dc50810, 43;
v0000025e6dc50810_44 .array/port v0000025e6dc50810, 44;
v0000025e6dc50810_45 .array/port v0000025e6dc50810, 45;
E_0000025e6dbf6cb0/11 .event anyedge, v0000025e6dc50810_42, v0000025e6dc50810_43, v0000025e6dc50810_44, v0000025e6dc50810_45;
v0000025e6dc50810_46 .array/port v0000025e6dc50810, 46;
v0000025e6dc50810_47 .array/port v0000025e6dc50810, 47;
v0000025e6dc50810_48 .array/port v0000025e6dc50810, 48;
v0000025e6dc50810_49 .array/port v0000025e6dc50810, 49;
E_0000025e6dbf6cb0/12 .event anyedge, v0000025e6dc50810_46, v0000025e6dc50810_47, v0000025e6dc50810_48, v0000025e6dc50810_49;
v0000025e6dc50810_50 .array/port v0000025e6dc50810, 50;
v0000025e6dc50810_51 .array/port v0000025e6dc50810, 51;
v0000025e6dc50810_52 .array/port v0000025e6dc50810, 52;
v0000025e6dc50810_53 .array/port v0000025e6dc50810, 53;
E_0000025e6dbf6cb0/13 .event anyedge, v0000025e6dc50810_50, v0000025e6dc50810_51, v0000025e6dc50810_52, v0000025e6dc50810_53;
v0000025e6dc50810_54 .array/port v0000025e6dc50810, 54;
v0000025e6dc50810_55 .array/port v0000025e6dc50810, 55;
v0000025e6dc50810_56 .array/port v0000025e6dc50810, 56;
v0000025e6dc50810_57 .array/port v0000025e6dc50810, 57;
E_0000025e6dbf6cb0/14 .event anyedge, v0000025e6dc50810_54, v0000025e6dc50810_55, v0000025e6dc50810_56, v0000025e6dc50810_57;
v0000025e6dc50810_58 .array/port v0000025e6dc50810, 58;
v0000025e6dc50810_59 .array/port v0000025e6dc50810, 59;
v0000025e6dc50810_60 .array/port v0000025e6dc50810, 60;
v0000025e6dc50810_61 .array/port v0000025e6dc50810, 61;
E_0000025e6dbf6cb0/15 .event anyedge, v0000025e6dc50810_58, v0000025e6dc50810_59, v0000025e6dc50810_60, v0000025e6dc50810_61;
v0000025e6dc50810_62 .array/port v0000025e6dc50810, 62;
v0000025e6dc50810_63 .array/port v0000025e6dc50810, 63;
v0000025e6dc50810_64 .array/port v0000025e6dc50810, 64;
v0000025e6dc50810_65 .array/port v0000025e6dc50810, 65;
E_0000025e6dbf6cb0/16 .event anyedge, v0000025e6dc50810_62, v0000025e6dc50810_63, v0000025e6dc50810_64, v0000025e6dc50810_65;
v0000025e6dc50810_66 .array/port v0000025e6dc50810, 66;
v0000025e6dc50810_67 .array/port v0000025e6dc50810, 67;
v0000025e6dc50810_68 .array/port v0000025e6dc50810, 68;
v0000025e6dc50810_69 .array/port v0000025e6dc50810, 69;
E_0000025e6dbf6cb0/17 .event anyedge, v0000025e6dc50810_66, v0000025e6dc50810_67, v0000025e6dc50810_68, v0000025e6dc50810_69;
v0000025e6dc50810_70 .array/port v0000025e6dc50810, 70;
v0000025e6dc50810_71 .array/port v0000025e6dc50810, 71;
v0000025e6dc50810_72 .array/port v0000025e6dc50810, 72;
v0000025e6dc50810_73 .array/port v0000025e6dc50810, 73;
E_0000025e6dbf6cb0/18 .event anyedge, v0000025e6dc50810_70, v0000025e6dc50810_71, v0000025e6dc50810_72, v0000025e6dc50810_73;
v0000025e6dc50810_74 .array/port v0000025e6dc50810, 74;
v0000025e6dc50810_75 .array/port v0000025e6dc50810, 75;
v0000025e6dc50810_76 .array/port v0000025e6dc50810, 76;
v0000025e6dc50810_77 .array/port v0000025e6dc50810, 77;
E_0000025e6dbf6cb0/19 .event anyedge, v0000025e6dc50810_74, v0000025e6dc50810_75, v0000025e6dc50810_76, v0000025e6dc50810_77;
v0000025e6dc50810_78 .array/port v0000025e6dc50810, 78;
v0000025e6dc50810_79 .array/port v0000025e6dc50810, 79;
v0000025e6dc50810_80 .array/port v0000025e6dc50810, 80;
v0000025e6dc50810_81 .array/port v0000025e6dc50810, 81;
E_0000025e6dbf6cb0/20 .event anyedge, v0000025e6dc50810_78, v0000025e6dc50810_79, v0000025e6dc50810_80, v0000025e6dc50810_81;
v0000025e6dc50810_82 .array/port v0000025e6dc50810, 82;
v0000025e6dc50810_83 .array/port v0000025e6dc50810, 83;
v0000025e6dc50810_84 .array/port v0000025e6dc50810, 84;
v0000025e6dc50810_85 .array/port v0000025e6dc50810, 85;
E_0000025e6dbf6cb0/21 .event anyedge, v0000025e6dc50810_82, v0000025e6dc50810_83, v0000025e6dc50810_84, v0000025e6dc50810_85;
v0000025e6dc50810_86 .array/port v0000025e6dc50810, 86;
v0000025e6dc50810_87 .array/port v0000025e6dc50810, 87;
v0000025e6dc50810_88 .array/port v0000025e6dc50810, 88;
v0000025e6dc50810_89 .array/port v0000025e6dc50810, 89;
E_0000025e6dbf6cb0/22 .event anyedge, v0000025e6dc50810_86, v0000025e6dc50810_87, v0000025e6dc50810_88, v0000025e6dc50810_89;
v0000025e6dc50810_90 .array/port v0000025e6dc50810, 90;
v0000025e6dc50810_91 .array/port v0000025e6dc50810, 91;
v0000025e6dc50810_92 .array/port v0000025e6dc50810, 92;
v0000025e6dc50810_93 .array/port v0000025e6dc50810, 93;
E_0000025e6dbf6cb0/23 .event anyedge, v0000025e6dc50810_90, v0000025e6dc50810_91, v0000025e6dc50810_92, v0000025e6dc50810_93;
v0000025e6dc50810_94 .array/port v0000025e6dc50810, 94;
v0000025e6dc50810_95 .array/port v0000025e6dc50810, 95;
v0000025e6dc50810_96 .array/port v0000025e6dc50810, 96;
v0000025e6dc50810_97 .array/port v0000025e6dc50810, 97;
E_0000025e6dbf6cb0/24 .event anyedge, v0000025e6dc50810_94, v0000025e6dc50810_95, v0000025e6dc50810_96, v0000025e6dc50810_97;
v0000025e6dc50810_98 .array/port v0000025e6dc50810, 98;
v0000025e6dc50810_99 .array/port v0000025e6dc50810, 99;
v0000025e6dc50810_100 .array/port v0000025e6dc50810, 100;
v0000025e6dc50810_101 .array/port v0000025e6dc50810, 101;
E_0000025e6dbf6cb0/25 .event anyedge, v0000025e6dc50810_98, v0000025e6dc50810_99, v0000025e6dc50810_100, v0000025e6dc50810_101;
v0000025e6dc50810_102 .array/port v0000025e6dc50810, 102;
v0000025e6dc50810_103 .array/port v0000025e6dc50810, 103;
v0000025e6dc50810_104 .array/port v0000025e6dc50810, 104;
v0000025e6dc50810_105 .array/port v0000025e6dc50810, 105;
E_0000025e6dbf6cb0/26 .event anyedge, v0000025e6dc50810_102, v0000025e6dc50810_103, v0000025e6dc50810_104, v0000025e6dc50810_105;
v0000025e6dc50810_106 .array/port v0000025e6dc50810, 106;
v0000025e6dc50810_107 .array/port v0000025e6dc50810, 107;
v0000025e6dc50810_108 .array/port v0000025e6dc50810, 108;
v0000025e6dc50810_109 .array/port v0000025e6dc50810, 109;
E_0000025e6dbf6cb0/27 .event anyedge, v0000025e6dc50810_106, v0000025e6dc50810_107, v0000025e6dc50810_108, v0000025e6dc50810_109;
v0000025e6dc50810_110 .array/port v0000025e6dc50810, 110;
v0000025e6dc50810_111 .array/port v0000025e6dc50810, 111;
v0000025e6dc50810_112 .array/port v0000025e6dc50810, 112;
v0000025e6dc50810_113 .array/port v0000025e6dc50810, 113;
E_0000025e6dbf6cb0/28 .event anyedge, v0000025e6dc50810_110, v0000025e6dc50810_111, v0000025e6dc50810_112, v0000025e6dc50810_113;
v0000025e6dc50810_114 .array/port v0000025e6dc50810, 114;
v0000025e6dc50810_115 .array/port v0000025e6dc50810, 115;
v0000025e6dc50810_116 .array/port v0000025e6dc50810, 116;
v0000025e6dc50810_117 .array/port v0000025e6dc50810, 117;
E_0000025e6dbf6cb0/29 .event anyedge, v0000025e6dc50810_114, v0000025e6dc50810_115, v0000025e6dc50810_116, v0000025e6dc50810_117;
v0000025e6dc50810_118 .array/port v0000025e6dc50810, 118;
v0000025e6dc50810_119 .array/port v0000025e6dc50810, 119;
v0000025e6dc50810_120 .array/port v0000025e6dc50810, 120;
v0000025e6dc50810_121 .array/port v0000025e6dc50810, 121;
E_0000025e6dbf6cb0/30 .event anyedge, v0000025e6dc50810_118, v0000025e6dc50810_119, v0000025e6dc50810_120, v0000025e6dc50810_121;
v0000025e6dc50810_122 .array/port v0000025e6dc50810, 122;
v0000025e6dc50810_123 .array/port v0000025e6dc50810, 123;
v0000025e6dc50810_124 .array/port v0000025e6dc50810, 124;
v0000025e6dc50810_125 .array/port v0000025e6dc50810, 125;
E_0000025e6dbf6cb0/31 .event anyedge, v0000025e6dc50810_122, v0000025e6dc50810_123, v0000025e6dc50810_124, v0000025e6dc50810_125;
v0000025e6dc50810_126 .array/port v0000025e6dc50810, 126;
v0000025e6dc50810_127 .array/port v0000025e6dc50810, 127;
v0000025e6dc50810_128 .array/port v0000025e6dc50810, 128;
v0000025e6dc50810_129 .array/port v0000025e6dc50810, 129;
E_0000025e6dbf6cb0/32 .event anyedge, v0000025e6dc50810_126, v0000025e6dc50810_127, v0000025e6dc50810_128, v0000025e6dc50810_129;
v0000025e6dc50810_130 .array/port v0000025e6dc50810, 130;
v0000025e6dc50810_131 .array/port v0000025e6dc50810, 131;
v0000025e6dc50810_132 .array/port v0000025e6dc50810, 132;
v0000025e6dc50810_133 .array/port v0000025e6dc50810, 133;
E_0000025e6dbf6cb0/33 .event anyedge, v0000025e6dc50810_130, v0000025e6dc50810_131, v0000025e6dc50810_132, v0000025e6dc50810_133;
v0000025e6dc50810_134 .array/port v0000025e6dc50810, 134;
v0000025e6dc50810_135 .array/port v0000025e6dc50810, 135;
v0000025e6dc50810_136 .array/port v0000025e6dc50810, 136;
v0000025e6dc50810_137 .array/port v0000025e6dc50810, 137;
E_0000025e6dbf6cb0/34 .event anyedge, v0000025e6dc50810_134, v0000025e6dc50810_135, v0000025e6dc50810_136, v0000025e6dc50810_137;
v0000025e6dc50810_138 .array/port v0000025e6dc50810, 138;
v0000025e6dc50810_139 .array/port v0000025e6dc50810, 139;
v0000025e6dc50810_140 .array/port v0000025e6dc50810, 140;
v0000025e6dc50810_141 .array/port v0000025e6dc50810, 141;
E_0000025e6dbf6cb0/35 .event anyedge, v0000025e6dc50810_138, v0000025e6dc50810_139, v0000025e6dc50810_140, v0000025e6dc50810_141;
v0000025e6dc50810_142 .array/port v0000025e6dc50810, 142;
v0000025e6dc50810_143 .array/port v0000025e6dc50810, 143;
v0000025e6dc50810_144 .array/port v0000025e6dc50810, 144;
v0000025e6dc50810_145 .array/port v0000025e6dc50810, 145;
E_0000025e6dbf6cb0/36 .event anyedge, v0000025e6dc50810_142, v0000025e6dc50810_143, v0000025e6dc50810_144, v0000025e6dc50810_145;
v0000025e6dc50810_146 .array/port v0000025e6dc50810, 146;
v0000025e6dc50810_147 .array/port v0000025e6dc50810, 147;
v0000025e6dc50810_148 .array/port v0000025e6dc50810, 148;
v0000025e6dc50810_149 .array/port v0000025e6dc50810, 149;
E_0000025e6dbf6cb0/37 .event anyedge, v0000025e6dc50810_146, v0000025e6dc50810_147, v0000025e6dc50810_148, v0000025e6dc50810_149;
v0000025e6dc50810_150 .array/port v0000025e6dc50810, 150;
v0000025e6dc50810_151 .array/port v0000025e6dc50810, 151;
v0000025e6dc50810_152 .array/port v0000025e6dc50810, 152;
v0000025e6dc50810_153 .array/port v0000025e6dc50810, 153;
E_0000025e6dbf6cb0/38 .event anyedge, v0000025e6dc50810_150, v0000025e6dc50810_151, v0000025e6dc50810_152, v0000025e6dc50810_153;
v0000025e6dc50810_154 .array/port v0000025e6dc50810, 154;
v0000025e6dc50810_155 .array/port v0000025e6dc50810, 155;
v0000025e6dc50810_156 .array/port v0000025e6dc50810, 156;
v0000025e6dc50810_157 .array/port v0000025e6dc50810, 157;
E_0000025e6dbf6cb0/39 .event anyedge, v0000025e6dc50810_154, v0000025e6dc50810_155, v0000025e6dc50810_156, v0000025e6dc50810_157;
v0000025e6dc50810_158 .array/port v0000025e6dc50810, 158;
v0000025e6dc50810_159 .array/port v0000025e6dc50810, 159;
v0000025e6dc50810_160 .array/port v0000025e6dc50810, 160;
v0000025e6dc50810_161 .array/port v0000025e6dc50810, 161;
E_0000025e6dbf6cb0/40 .event anyedge, v0000025e6dc50810_158, v0000025e6dc50810_159, v0000025e6dc50810_160, v0000025e6dc50810_161;
v0000025e6dc50810_162 .array/port v0000025e6dc50810, 162;
v0000025e6dc50810_163 .array/port v0000025e6dc50810, 163;
v0000025e6dc50810_164 .array/port v0000025e6dc50810, 164;
v0000025e6dc50810_165 .array/port v0000025e6dc50810, 165;
E_0000025e6dbf6cb0/41 .event anyedge, v0000025e6dc50810_162, v0000025e6dc50810_163, v0000025e6dc50810_164, v0000025e6dc50810_165;
v0000025e6dc50810_166 .array/port v0000025e6dc50810, 166;
v0000025e6dc50810_167 .array/port v0000025e6dc50810, 167;
v0000025e6dc50810_168 .array/port v0000025e6dc50810, 168;
v0000025e6dc50810_169 .array/port v0000025e6dc50810, 169;
E_0000025e6dbf6cb0/42 .event anyedge, v0000025e6dc50810_166, v0000025e6dc50810_167, v0000025e6dc50810_168, v0000025e6dc50810_169;
v0000025e6dc50810_170 .array/port v0000025e6dc50810, 170;
v0000025e6dc50810_171 .array/port v0000025e6dc50810, 171;
v0000025e6dc50810_172 .array/port v0000025e6dc50810, 172;
v0000025e6dc50810_173 .array/port v0000025e6dc50810, 173;
E_0000025e6dbf6cb0/43 .event anyedge, v0000025e6dc50810_170, v0000025e6dc50810_171, v0000025e6dc50810_172, v0000025e6dc50810_173;
v0000025e6dc50810_174 .array/port v0000025e6dc50810, 174;
v0000025e6dc50810_175 .array/port v0000025e6dc50810, 175;
v0000025e6dc50810_176 .array/port v0000025e6dc50810, 176;
v0000025e6dc50810_177 .array/port v0000025e6dc50810, 177;
E_0000025e6dbf6cb0/44 .event anyedge, v0000025e6dc50810_174, v0000025e6dc50810_175, v0000025e6dc50810_176, v0000025e6dc50810_177;
v0000025e6dc50810_178 .array/port v0000025e6dc50810, 178;
v0000025e6dc50810_179 .array/port v0000025e6dc50810, 179;
v0000025e6dc50810_180 .array/port v0000025e6dc50810, 180;
v0000025e6dc50810_181 .array/port v0000025e6dc50810, 181;
E_0000025e6dbf6cb0/45 .event anyedge, v0000025e6dc50810_178, v0000025e6dc50810_179, v0000025e6dc50810_180, v0000025e6dc50810_181;
v0000025e6dc50810_182 .array/port v0000025e6dc50810, 182;
v0000025e6dc50810_183 .array/port v0000025e6dc50810, 183;
v0000025e6dc50810_184 .array/port v0000025e6dc50810, 184;
v0000025e6dc50810_185 .array/port v0000025e6dc50810, 185;
E_0000025e6dbf6cb0/46 .event anyedge, v0000025e6dc50810_182, v0000025e6dc50810_183, v0000025e6dc50810_184, v0000025e6dc50810_185;
v0000025e6dc50810_186 .array/port v0000025e6dc50810, 186;
v0000025e6dc50810_187 .array/port v0000025e6dc50810, 187;
v0000025e6dc50810_188 .array/port v0000025e6dc50810, 188;
v0000025e6dc50810_189 .array/port v0000025e6dc50810, 189;
E_0000025e6dbf6cb0/47 .event anyedge, v0000025e6dc50810_186, v0000025e6dc50810_187, v0000025e6dc50810_188, v0000025e6dc50810_189;
v0000025e6dc50810_190 .array/port v0000025e6dc50810, 190;
v0000025e6dc50810_191 .array/port v0000025e6dc50810, 191;
v0000025e6dc50810_192 .array/port v0000025e6dc50810, 192;
v0000025e6dc50810_193 .array/port v0000025e6dc50810, 193;
E_0000025e6dbf6cb0/48 .event anyedge, v0000025e6dc50810_190, v0000025e6dc50810_191, v0000025e6dc50810_192, v0000025e6dc50810_193;
v0000025e6dc50810_194 .array/port v0000025e6dc50810, 194;
v0000025e6dc50810_195 .array/port v0000025e6dc50810, 195;
v0000025e6dc50810_196 .array/port v0000025e6dc50810, 196;
v0000025e6dc50810_197 .array/port v0000025e6dc50810, 197;
E_0000025e6dbf6cb0/49 .event anyedge, v0000025e6dc50810_194, v0000025e6dc50810_195, v0000025e6dc50810_196, v0000025e6dc50810_197;
v0000025e6dc50810_198 .array/port v0000025e6dc50810, 198;
v0000025e6dc50810_199 .array/port v0000025e6dc50810, 199;
v0000025e6dc50810_200 .array/port v0000025e6dc50810, 200;
v0000025e6dc50810_201 .array/port v0000025e6dc50810, 201;
E_0000025e6dbf6cb0/50 .event anyedge, v0000025e6dc50810_198, v0000025e6dc50810_199, v0000025e6dc50810_200, v0000025e6dc50810_201;
v0000025e6dc50810_202 .array/port v0000025e6dc50810, 202;
v0000025e6dc50810_203 .array/port v0000025e6dc50810, 203;
v0000025e6dc50810_204 .array/port v0000025e6dc50810, 204;
v0000025e6dc50810_205 .array/port v0000025e6dc50810, 205;
E_0000025e6dbf6cb0/51 .event anyedge, v0000025e6dc50810_202, v0000025e6dc50810_203, v0000025e6dc50810_204, v0000025e6dc50810_205;
v0000025e6dc50810_206 .array/port v0000025e6dc50810, 206;
v0000025e6dc50810_207 .array/port v0000025e6dc50810, 207;
v0000025e6dc50810_208 .array/port v0000025e6dc50810, 208;
v0000025e6dc50810_209 .array/port v0000025e6dc50810, 209;
E_0000025e6dbf6cb0/52 .event anyedge, v0000025e6dc50810_206, v0000025e6dc50810_207, v0000025e6dc50810_208, v0000025e6dc50810_209;
v0000025e6dc50810_210 .array/port v0000025e6dc50810, 210;
v0000025e6dc50810_211 .array/port v0000025e6dc50810, 211;
v0000025e6dc50810_212 .array/port v0000025e6dc50810, 212;
v0000025e6dc50810_213 .array/port v0000025e6dc50810, 213;
E_0000025e6dbf6cb0/53 .event anyedge, v0000025e6dc50810_210, v0000025e6dc50810_211, v0000025e6dc50810_212, v0000025e6dc50810_213;
v0000025e6dc50810_214 .array/port v0000025e6dc50810, 214;
v0000025e6dc50810_215 .array/port v0000025e6dc50810, 215;
v0000025e6dc50810_216 .array/port v0000025e6dc50810, 216;
v0000025e6dc50810_217 .array/port v0000025e6dc50810, 217;
E_0000025e6dbf6cb0/54 .event anyedge, v0000025e6dc50810_214, v0000025e6dc50810_215, v0000025e6dc50810_216, v0000025e6dc50810_217;
v0000025e6dc50810_218 .array/port v0000025e6dc50810, 218;
v0000025e6dc50810_219 .array/port v0000025e6dc50810, 219;
v0000025e6dc50810_220 .array/port v0000025e6dc50810, 220;
v0000025e6dc50810_221 .array/port v0000025e6dc50810, 221;
E_0000025e6dbf6cb0/55 .event anyedge, v0000025e6dc50810_218, v0000025e6dc50810_219, v0000025e6dc50810_220, v0000025e6dc50810_221;
v0000025e6dc50810_222 .array/port v0000025e6dc50810, 222;
v0000025e6dc50810_223 .array/port v0000025e6dc50810, 223;
v0000025e6dc50810_224 .array/port v0000025e6dc50810, 224;
v0000025e6dc50810_225 .array/port v0000025e6dc50810, 225;
E_0000025e6dbf6cb0/56 .event anyedge, v0000025e6dc50810_222, v0000025e6dc50810_223, v0000025e6dc50810_224, v0000025e6dc50810_225;
v0000025e6dc50810_226 .array/port v0000025e6dc50810, 226;
v0000025e6dc50810_227 .array/port v0000025e6dc50810, 227;
v0000025e6dc50810_228 .array/port v0000025e6dc50810, 228;
v0000025e6dc50810_229 .array/port v0000025e6dc50810, 229;
E_0000025e6dbf6cb0/57 .event anyedge, v0000025e6dc50810_226, v0000025e6dc50810_227, v0000025e6dc50810_228, v0000025e6dc50810_229;
v0000025e6dc50810_230 .array/port v0000025e6dc50810, 230;
v0000025e6dc50810_231 .array/port v0000025e6dc50810, 231;
v0000025e6dc50810_232 .array/port v0000025e6dc50810, 232;
v0000025e6dc50810_233 .array/port v0000025e6dc50810, 233;
E_0000025e6dbf6cb0/58 .event anyedge, v0000025e6dc50810_230, v0000025e6dc50810_231, v0000025e6dc50810_232, v0000025e6dc50810_233;
v0000025e6dc50810_234 .array/port v0000025e6dc50810, 234;
v0000025e6dc50810_235 .array/port v0000025e6dc50810, 235;
v0000025e6dc50810_236 .array/port v0000025e6dc50810, 236;
v0000025e6dc50810_237 .array/port v0000025e6dc50810, 237;
E_0000025e6dbf6cb0/59 .event anyedge, v0000025e6dc50810_234, v0000025e6dc50810_235, v0000025e6dc50810_236, v0000025e6dc50810_237;
v0000025e6dc50810_238 .array/port v0000025e6dc50810, 238;
v0000025e6dc50810_239 .array/port v0000025e6dc50810, 239;
v0000025e6dc50810_240 .array/port v0000025e6dc50810, 240;
v0000025e6dc50810_241 .array/port v0000025e6dc50810, 241;
E_0000025e6dbf6cb0/60 .event anyedge, v0000025e6dc50810_238, v0000025e6dc50810_239, v0000025e6dc50810_240, v0000025e6dc50810_241;
v0000025e6dc50810_242 .array/port v0000025e6dc50810, 242;
v0000025e6dc50810_243 .array/port v0000025e6dc50810, 243;
v0000025e6dc50810_244 .array/port v0000025e6dc50810, 244;
v0000025e6dc50810_245 .array/port v0000025e6dc50810, 245;
E_0000025e6dbf6cb0/61 .event anyedge, v0000025e6dc50810_242, v0000025e6dc50810_243, v0000025e6dc50810_244, v0000025e6dc50810_245;
v0000025e6dc50810_246 .array/port v0000025e6dc50810, 246;
v0000025e6dc50810_247 .array/port v0000025e6dc50810, 247;
v0000025e6dc50810_248 .array/port v0000025e6dc50810, 248;
v0000025e6dc50810_249 .array/port v0000025e6dc50810, 249;
E_0000025e6dbf6cb0/62 .event anyedge, v0000025e6dc50810_246, v0000025e6dc50810_247, v0000025e6dc50810_248, v0000025e6dc50810_249;
v0000025e6dc50810_250 .array/port v0000025e6dc50810, 250;
v0000025e6dc50810_251 .array/port v0000025e6dc50810, 251;
v0000025e6dc50810_252 .array/port v0000025e6dc50810, 252;
v0000025e6dc50810_253 .array/port v0000025e6dc50810, 253;
E_0000025e6dbf6cb0/63 .event anyedge, v0000025e6dc50810_250, v0000025e6dc50810_251, v0000025e6dc50810_252, v0000025e6dc50810_253;
v0000025e6dc50810_254 .array/port v0000025e6dc50810, 254;
v0000025e6dc50810_255 .array/port v0000025e6dc50810, 255;
E_0000025e6dbf6cb0/64 .event anyedge, v0000025e6dc50810_254, v0000025e6dc50810_255;
E_0000025e6dbf6cb0 .event/or E_0000025e6dbf6cb0/0, E_0000025e6dbf6cb0/1, E_0000025e6dbf6cb0/2, E_0000025e6dbf6cb0/3, E_0000025e6dbf6cb0/4, E_0000025e6dbf6cb0/5, E_0000025e6dbf6cb0/6, E_0000025e6dbf6cb0/7, E_0000025e6dbf6cb0/8, E_0000025e6dbf6cb0/9, E_0000025e6dbf6cb0/10, E_0000025e6dbf6cb0/11, E_0000025e6dbf6cb0/12, E_0000025e6dbf6cb0/13, E_0000025e6dbf6cb0/14, E_0000025e6dbf6cb0/15, E_0000025e6dbf6cb0/16, E_0000025e6dbf6cb0/17, E_0000025e6dbf6cb0/18, E_0000025e6dbf6cb0/19, E_0000025e6dbf6cb0/20, E_0000025e6dbf6cb0/21, E_0000025e6dbf6cb0/22, E_0000025e6dbf6cb0/23, E_0000025e6dbf6cb0/24, E_0000025e6dbf6cb0/25, E_0000025e6dbf6cb0/26, E_0000025e6dbf6cb0/27, E_0000025e6dbf6cb0/28, E_0000025e6dbf6cb0/29, E_0000025e6dbf6cb0/30, E_0000025e6dbf6cb0/31, E_0000025e6dbf6cb0/32, E_0000025e6dbf6cb0/33, E_0000025e6dbf6cb0/34, E_0000025e6dbf6cb0/35, E_0000025e6dbf6cb0/36, E_0000025e6dbf6cb0/37, E_0000025e6dbf6cb0/38, E_0000025e6dbf6cb0/39, E_0000025e6dbf6cb0/40, E_0000025e6dbf6cb0/41, E_0000025e6dbf6cb0/42, E_0000025e6dbf6cb0/43, E_0000025e6dbf6cb0/44, E_0000025e6dbf6cb0/45, E_0000025e6dbf6cb0/46, E_0000025e6dbf6cb0/47, E_0000025e6dbf6cb0/48, E_0000025e6dbf6cb0/49, E_0000025e6dbf6cb0/50, E_0000025e6dbf6cb0/51, E_0000025e6dbf6cb0/52, E_0000025e6dbf6cb0/53, E_0000025e6dbf6cb0/54, E_0000025e6dbf6cb0/55, E_0000025e6dbf6cb0/56, E_0000025e6dbf6cb0/57, E_0000025e6dbf6cb0/58, E_0000025e6dbf6cb0/59, E_0000025e6dbf6cb0/60, E_0000025e6dbf6cb0/61, E_0000025e6dbf6cb0/62, E_0000025e6dbf6cb0/63, E_0000025e6dbf6cb0/64;
E_0000025e6dbf6d70 .event posedge, v0000025e6dbf9a00_0;
S_0000025e6dbd3c80 .scope module, "pm" "program_memory" 3 24, 8 1 0, S_0000025e6dbf19e0;
 .timescale -9 -12;
    .port_info 0 /INPUT 4 "addr";
    .port_info 1 /OUTPUT 20 "instruction";
v0000025e6dc4fd70_0 .net "addr", 3 0, v0000025e6dc4f550_0;  1 drivers
v0000025e6dc4f190_0 .var "instruction", 19 0;
v0000025e6dc50270 .array "memory", 15 0, 19 0;
v0000025e6dc50270_0 .array/port v0000025e6dc50270, 0;
v0000025e6dc50270_1 .array/port v0000025e6dc50270, 1;
v0000025e6dc50270_2 .array/port v0000025e6dc50270, 2;
E_0000025e6dbf73b0/0 .event anyedge, v0000025e6dc4fd70_0, v0000025e6dc50270_0, v0000025e6dc50270_1, v0000025e6dc50270_2;
v0000025e6dc50270_3 .array/port v0000025e6dc50270, 3;
v0000025e6dc50270_4 .array/port v0000025e6dc50270, 4;
v0000025e6dc50270_5 .array/port v0000025e6dc50270, 5;
v0000025e6dc50270_6 .array/port v0000025e6dc50270, 6;
E_0000025e6dbf73b0/1 .event anyedge, v0000025e6dc50270_3, v0000025e6dc50270_4, v0000025e6dc50270_5, v0000025e6dc50270_6;
v0000025e6dc50270_7 .array/port v0000025e6dc50270, 7;
v0000025e6dc50270_8 .array/port v0000025e6dc50270, 8;
v0000025e6dc50270_9 .array/port v0000025e6dc50270, 9;
v0000025e6dc50270_10 .array/port v0000025e6dc50270, 10;
E_0000025e6dbf73b0/2 .event anyedge, v0000025e6dc50270_7, v0000025e6dc50270_8, v0000025e6dc50270_9, v0000025e6dc50270_10;
v0000025e6dc50270_11 .array/port v0000025e6dc50270, 11;
v0000025e6dc50270_12 .array/port v0000025e6dc50270, 12;
v0000025e6dc50270_13 .array/port v0000025e6dc50270, 13;
v0000025e6dc50270_14 .array/port v0000025e6dc50270, 14;
E_0000025e6dbf73b0/3 .event anyedge, v0000025e6dc50270_11, v0000025e6dc50270_12, v0000025e6dc50270_13, v0000025e6dc50270_14;
v0000025e6dc50270_15 .array/port v0000025e6dc50270, 15;
E_0000025e6dbf73b0/4 .event anyedge, v0000025e6dc50270_15;
E_0000025e6dbf73b0 .event/or E_0000025e6dbf73b0/0, E_0000025e6dbf73b0/1, E_0000025e6dbf73b0/2, E_0000025e6dbf73b0/3, E_0000025e6dbf73b0/4;
S_0000025e6dbd3e10 .scope module, "rf" "register_file" 3 37, 9 1 0, S_0000025e6dbf19e0;
 .timescale -9 -12;
    .port_info 0 /INPUT 1 "clk";
    .port_info 1 /INPUT 1 "reg_write";
    .port_info 2 /INPUT 2 "reg_sel";
    .port_info 3 /INPUT 8 "data_in";
    .port_info 4 /OUTPUT 8 "reg0";
    .port_info 5 /OUTPUT 8 "reg1";
    .port_info 6 /OUTPUT 8 "reg2";
    .port_info 7 /OUTPUT 8 "selected_out";
v0000025e6dc4fb90_0 .net "clk", 0 0, v0000025e6dc508b0_0;  alias, 1 drivers
v0000025e6dc4f370_0 .net "data_in", 7 0, L_0000025e6dc5abb0;  alias, 1 drivers
v0000025e6dc50310_0 .var "reg0", 7 0;
v0000025e6dc50450_0 .var "reg1", 7 0;
v0000025e6dc4fff0_0 .var "reg2", 7 0;
v0000025e6dc50b30_0 .net "reg_sel", 1 0, L_0000025e6dc509f0;  alias, 1 drivers
v0000025e6dc4ef10_0 .net "reg_write", 0 0, L_0000025e6dbead90;  1 drivers
v0000025e6dc50bd0_0 .var "selected_out", 7 0;
E_0000025e6dbf6ef0 .event anyedge, v0000025e6dc50b30_0, v0000025e6dc50310_0, v0000025e6dc50450_0, v0000025e6dc4fff0_0;
    .scope S_0000025e6dbd3c80;
T_0 ;
    %pushi/vec4 524298, 0, 20;
    %ix/load 4, 0, 0;
    %flag_set/imm 4, 0;
    %store/vec4a v0000025e6dc50270, 4, 0;
    %pushi/vec4 524556, 0, 20;
    %ix/load 4, 1, 0;
    %flag_set/imm 4, 0;
    %store/vec4a v0000025e6dc50270, 4, 0;
    %pushi/vec4 0, 0, 20;
    %ix/load 4, 2, 0;
    %flag_set/imm 4, 0;
    %store/vec4a v0000025e6dc50270, 4, 0;
    %pushi/vec4 394496, 0, 20;
    %ix/load 4, 3, 0;
    %flag_set/imm 4, 0;
    %store/vec4a v0000025e6dc50270, 4, 0;
    %pushi/vec4 594958, 0, 20;
    %ix/load 4, 4, 0;
    %flag_set/imm 4, 0;
    %store/vec4a v0000025e6dc50270, 4, 0;
    %pushi/vec4 463872, 0, 20;
    %ix/load 4, 5, 0;
    %flag_set/imm 4, 0;
    %store/vec4a v0000025e6dc50270, 4, 0;
    %pushi/vec4 529666, 0, 20;
    %ix/load 4, 6, 0;
    %flag_set/imm 4, 0;
    %store/vec4a v0000025e6dc50270, 4, 0;
    %end;
    .thread T_0;
    .scope S_0000025e6dbd3c80;
T_1 ;
    %wait E_0000025e6dbf73b0;
    %load/vec4 v0000025e6dc4fd70_0;
    %pad/u 6;
    %ix/vec4 4;
    %load/vec4a v0000025e6dc50270, 4;
    %store/vec4 v0000025e6dc4f190_0, 0, 20;
    %jmp T_1;
    .thread T_1, $push;
    .scope S_0000025e6dbe9b70;
T_2 ;
    %wait E_0000025e6dbf6670;
    %pushi/vec4 0, 0, 1;
    %store/vec4 v0000025e6dbf9c80_0, 0, 1;
    %pushi/vec4 0, 0, 1;
    %store/vec4 v0000025e6dbf95a0_0, 0, 1;
    %pushi/vec4 0, 0, 1;
    %store/vec4 v0000025e6dbf9b40_0, 0, 1;
    %pushi/vec4 0, 0, 1;
    %store/vec4 v0000025e6dbf9e60_0, 0, 1;
    %pushi/vec4 0, 0, 1;
    %store/vec4 v0000025e6dbf9500_0, 0, 1;
    %pushi/vec4 0, 0, 1;
    %store/vec4 v0000025e6dbfa360_0, 0, 1;
    %pushi/vec4 0, 0, 1;
    %store/vec4 v0000025e6dbfa220_0, 0, 1;
    %pushi/vec4 0, 0, 1;
    %store/vec4 v0000025e6dbfa400_0, 0, 1;
    %pushi/vec4 0, 0, 1;
    %store/vec4 v0000025e6dbf96e0_0, 0, 1;
    %load/vec4 v0000025e6dbfa040_0;
    %dup/vec4;
    %pushi/vec4 0, 0, 4;
    %cmp/u;
    %jmp/1 T_2.0, 6;
    %dup/vec4;
    %pushi/vec4 1, 0, 4;
    %cmp/u;
    %jmp/1 T_2.1, 6;
    %dup/vec4;
    %pushi/vec4 2, 0, 4;
    %cmp/u;
    %jmp/1 T_2.2, 6;
    %dup/vec4;
    %pushi/vec4 3, 0, 4;
    %cmp/u;
    %jmp/1 T_2.3, 6;
    %dup/vec4;
    %pushi/vec4 4, 0, 4;
    %cmp/u;
    %jmp/1 T_2.4, 6;
    %dup/vec4;
    %pushi/vec4 5, 0, 4;
    %cmp/u;
    %jmp/1 T_2.5, 6;
    %dup/vec4;
    %pushi/vec4 6, 0, 4;
    %cmp/u;
    %jmp/1 T_2.6, 6;
    %dup/vec4;
    %pushi/vec4 7, 0, 4;
    %cmp/u;
    %jmp/1 T_2.7, 6;
    %dup/vec4;
    %pushi/vec4 8, 0, 4;
    %cmp/u;
    %jmp/1 T_2.8, 6;
    %dup/vec4;
    %pushi/vec4 9, 0, 4;
    %cmp/u;
    %jmp/1 T_2.9, 6;
    %dup/vec4;
    %pushi/vec4 10, 0, 4;
    %cmp/u;
    %jmp/1 T_2.10, 6;
    %jmp T_2.12;
T_2.0 ;
    %pushi/vec4 1, 0, 1;
    %store/vec4 v0000025e6dbf9c80_0, 0, 1;
    %pushi/vec4 1, 0, 1;
    %store/vec4 v0000025e6dbf9b40_0, 0, 1;
    %jmp T_2.12;
T_2.1 ;
    %pushi/vec4 1, 0, 1;
    %store/vec4 v0000025e6dbf9c80_0, 0, 1;
    %pushi/vec4 1, 0, 1;
    %store/vec4 v0000025e6dbf9b40_0, 0, 1;
    %jmp T_2.12;
T_2.2 ;
    %pushi/vec4 1, 0, 1;
    %store/vec4 v0000025e6dbf9c80_0, 0, 1;
    %pushi/vec4 1, 0, 1;
    %store/vec4 v0000025e6dbf9b40_0, 0, 1;
    %jmp T_2.12;
T_2.3 ;
    %pushi/vec4 1, 0, 1;
    %store/vec4 v0000025e6dbf9c80_0, 0, 1;
    %pushi/vec4 1, 0, 1;
    %store/vec4 v0000025e6dbf9b40_0, 0, 1;
    %jmp T_2.12;
T_2.4 ;
    %pushi/vec4 1, 0, 1;
    %store/vec4 v0000025e6dbf9c80_0, 0, 1;
    %pushi/vec4 1, 0, 1;
    %store/vec4 v0000025e6dbf9b40_0, 0, 1;
    %jmp T_2.12;
T_2.5 ;
    %pushi/vec4 1, 0, 1;
    %store/vec4 v0000025e6dbf9c80_0, 0, 1;
    %pushi/vec4 1, 0, 1;
    %store/vec4 v0000025e6dbf9b40_0, 0, 1;
    %jmp T_2.12;
T_2.6 ;
    %pushi/vec4 1, 0, 1;
    %store/vec4 v0000025e6dbf9c80_0, 0, 1;
    %pushi/vec4 1, 0, 1;
    %store/vec4 v0000025e6dbf9b40_0, 0, 1;
    %pushi/vec4 1, 0, 1;
    %store/vec4 v0000025e6dbf96e0_0, 0, 1;
    %jmp T_2.12;
T_2.7 ;
    %pushi/vec4 1, 0, 1;
    %store/vec4 v0000025e6dbf9e60_0, 0, 1;
    %pushi/vec4 1, 0, 1;
    %store/vec4 v0000025e6dbf9b40_0, 0, 1;
    %jmp T_2.12;
T_2.8 ;
    %pushi/vec4 1, 0, 1;
    %store/vec4 v0000025e6dbfa220_0, 0, 1;
    %pushi/vec4 1, 0, 1;
    %store/vec4 v0000025e6dbf95a0_0, 0, 1;
    %pushi/vec4 1, 0, 1;
    %store/vec4 v0000025e6dbf96e0_0, 0, 1;
    %pushi/vec4 0, 0, 1;
    %store/vec4 v0000025e6dbf9c80_0, 0, 1;
    %jmp T_2.12;
T_2.9 ;
    %pushi/vec4 1, 0, 1;
    %store/vec4 v0000025e6dbfa400_0, 0, 1;
    %pushi/vec4 1, 0, 1;
    %store/vec4 v0000025e6dbf9500_0, 0, 1;
    %jmp T_2.12;
T_2.10 ;
    %pushi/vec4 1, 0, 1;
    %store/vec4 v0000025e6dbf9500_0, 0, 1;
    %pushi/vec4 1, 0, 1;
    %store/vec4 v0000025e6dbfa360_0, 0, 1;
    %jmp T_2.12;
T_2.12 ;
    %pop/vec4 1;
    %jmp T_2;
    .thread T_2, $push;
    .scope S_0000025e6dbe99e0;
T_3 ;
    %wait E_0000025e6dbf6db0;
    %pushi/vec4 0, 0, 1;
    %store/vec4 v0000025e6dbfa2c0_0, 0, 1;
    %pushi/vec4 0, 0, 8;
    %store/vec4 v0000025e6dbf9640_0, 0, 8;
    %load/vec4 v0000025e6dbf9aa0_0;
    %dup/vec4;
    %pushi/vec4 0, 0, 4;
    %cmp/u;
    %jmp/1 T_3.0, 6;
    %dup/vec4;
    %pushi/vec4 6, 0, 4;
    %cmp/u;
    %jmp/1 T_3.1, 6;
    %dup/vec4;
    %pushi/vec4 1, 0, 4;
    %cmp/u;
    %jmp/1 T_3.2, 6;
    %dup/vec4;
    %pushi/vec4 2, 0, 4;
    %cmp/u;
    %jmp/1 T_3.3, 6;
    %dup/vec4;
    %pushi/vec4 3, 0, 4;
    %cmp/u;
    %jmp/1 T_3.4, 6;
    %dup/vec4;
    %pushi/vec4 4, 0, 4;
    %cmp/u;
    %jmp/1 T_3.5, 6;
    %dup/vec4;
    %pushi/vec4 5, 0, 4;
    %cmp/u;
    %jmp/1 T_3.6, 6;
    %pushi/vec4 0, 0, 8;
    %store/vec4 v0000025e6dbf9640_0, 0, 8;
    %jmp T_3.8;
T_3.0 ;
    %load/vec4 v0000025e6dbf9f00_0;
    %pad/u 9;
    %load/vec4 v0000025e6dbf9be0_0;
    %pad/u 9;
    %add;
    %split/vec4 8;
    %store/vec4 v0000025e6dbf9640_0, 0, 8;
    %store/vec4 v0000025e6dbfa2c0_0, 0, 1;
    %jmp T_3.8;
T_3.1 ;
    %load/vec4 v0000025e6dbf9f00_0;
    %pad/u 9;
    %load/vec4 v0000025e6dbf9be0_0;
    %pad/u 9;
    %add;
    %split/vec4 8;
    %store/vec4 v0000025e6dbf9640_0, 0, 8;
    %store/vec4 v0000025e6dbfa2c0_0, 0, 1;
    %jmp T_3.8;
T_3.2 ;
    %load/vec4 v0000025e6dbf9f00_0;
    %pad/u 9;
    %load/vec4 v0000025e6dbf9be0_0;
    %pad/u 9;
    %sub;
    %split/vec4 8;
    %store/vec4 v0000025e6dbf9640_0, 0, 8;
    %store/vec4 v0000025e6dbfa2c0_0, 0, 1;
    %jmp T_3.8;
T_3.3 ;
    %load/vec4 v0000025e6dbf9f00_0;
    %load/vec4 v0000025e6dbf9be0_0;
    %and;
    %store/vec4 v0000025e6dbf9640_0, 0, 8;
    %jmp T_3.8;
T_3.4 ;
    %load/vec4 v0000025e6dbf9f00_0;
    %load/vec4 v0000025e6dbf9be0_0;
    %or;
    %store/vec4 v0000025e6dbf9640_0, 0, 8;
    %jmp T_3.8;
T_3.5 ;
    %load/vec4 v0000025e6dbf9f00_0;
    %load/vec4 v0000025e6dbf9be0_0;
    %xor;
    %store/vec4 v0000025e6dbf9640_0, 0, 8;
    %jmp T_3.8;
T_3.6 ;
    %load/vec4 v0000025e6dbf9f00_0;
    %inv;
    %store/vec4 v0000025e6dbf9640_0, 0, 8;
    %pushi/vec4 0, 0, 1;
    %store/vec4 v0000025e6dbfa2c0_0, 0, 1;
    %jmp T_3.8;
T_3.8 ;
    %pop/vec4 1;
    %load/vec4 v0000025e6dbf9640_0;
    %pushi/vec4 0, 0, 8;
    %cmp/e;
    %flag_get/vec4 4;
    %store/vec4 v0000025e6dbfa180_0, 0, 1;
    %jmp T_3;
    .thread T_3, $push;
    .scope S_0000025e6dbd3e10;
T_4 ;
    %wait E_0000025e6dbf6d70;
    %load/vec4 v0000025e6dc4ef10_0;
    %flag_set/vec4 8;
    %jmp/0xz  T_4.0, 8;
    %load/vec4 v0000025e6dc50b30_0;
    %dup/vec4;
    %pushi/vec4 0, 0, 2;
    %cmp/u;
    %jmp/1 T_4.2, 6;
    %dup/vec4;
    %pushi/vec4 1, 0, 2;
    %cmp/u;
    %jmp/1 T_4.3, 6;
    %dup/vec4;
    %pushi/vec4 2, 0, 2;
    %cmp/u;
    %jmp/1 T_4.4, 6;
    %jmp T_4.6;
T_4.2 ;
    %load/vec4 v0000025e6dc4f370_0;
    %assign/vec4 v0000025e6dc50310_0, 0;
    %jmp T_4.6;
T_4.3 ;
    %load/vec4 v0000025e6dc4f370_0;
    %assign/vec4 v0000025e6dc50450_0, 0;
    %jmp T_4.6;
T_4.4 ;
    %load/vec4 v0000025e6dc4f370_0;
    %assign/vec4 v0000025e6dc4fff0_0, 0;
    %jmp T_4.6;
T_4.6 ;
    %pop/vec4 1;
T_4.0 ;
    %jmp T_4;
    .thread T_4;
    .scope S_0000025e6dbd3e10;
T_5 ;
    %wait E_0000025e6dbf6ef0;
    %load/vec4 v0000025e6dc50b30_0;
    %dup/vec4;
    %pushi/vec4 0, 0, 2;
    %cmp/u;
    %jmp/1 T_5.0, 6;
    %dup/vec4;
    %pushi/vec4 1, 0, 2;
    %cmp/u;
    %jmp/1 T_5.1, 6;
    %dup/vec4;
    %pushi/vec4 2, 0, 2;
    %cmp/u;
    %jmp/1 T_5.2, 6;
    %pushi/vec4 0, 0, 8;
    %store/vec4 v0000025e6dc50bd0_0, 0, 8;
    %jmp T_5.4;
T_5.0 ;
    %load/vec4 v0000025e6dc50310_0;
    %store/vec4 v0000025e6dc50bd0_0, 0, 8;
    %jmp T_5.4;
T_5.1 ;
    %load/vec4 v0000025e6dc50450_0;
    %store/vec4 v0000025e6dc50bd0_0, 0, 8;
    %jmp T_5.4;
T_5.2 ;
    %load/vec4 v0000025e6dc4fff0_0;
    %store/vec4 v0000025e6dc50bd0_0, 0, 8;
    %jmp T_5.4;
T_5.4 ;
    %pop/vec4 1;
    %jmp T_5;
    .thread T_5, $push;
    .scope S_0000025e6dbe3880;
T_6 ;
    %wait E_0000025e6dbf6d70;
    %load/vec4 v0000025e6dc4f870_0;
    %flag_set/vec4 8;
    %jmp/0xz  T_6.0, 8;
    %load/vec4 v0000025e6dc4f910_0;
    %load/vec4 v0000025e6dbf98c0_0;
    %pad/u 10;
    %ix/vec4 3;
    %ix/load 4, 0, 0; Constant delay
    %assign/vec4/a/d v0000025e6dc50810, 0, 4;
T_6.0 ;
    %jmp T_6;
    .thread T_6;
    .scope S_0000025e6dbe3880;
T_7 ;
    %wait E_0000025e6dbf6cb0;
    %load/vec4 v0000025e6dbf9dc0_0;
    %flag_set/vec4 8;
    %jmp/0xz  T_7.0, 8;
    %load/vec4 v0000025e6dbf98c0_0;
    %pad/u 10;
    %ix/vec4 4;
    %load/vec4a v0000025e6dc50810, 4;
    %store/vec4 v0000025e6dc4f230_0, 0, 8;
    %jmp T_7.1;
T_7.0 ;
    %pushi/vec4 0, 0, 8;
    %store/vec4 v0000025e6dc4f230_0, 0, 8;
T_7.1 ;
    %jmp T_7;
    .thread T_7, $push;
    .scope S_0000025e6dbf19e0;
T_8 ;
    %wait E_0000025e6dbf68b0;
    %load/vec4 v0000025e6dc506d0_0;
    %flag_set/vec4 8;
    %jmp/0xz  T_8.0, 8;
    %pushi/vec4 0, 0, 3;
    %assign/vec4 v0000025e6dc50770_0, 0;
    %pushi/vec4 0, 0, 4;
    %assign/vec4 v0000025e6dc4f550_0, 0;
    %pushi/vec4 0, 0, 20;
    %assign/vec4 v0000025e6dc4f410_0, 0;
    %pushi/vec4 0, 0, 8;
    %assign/vec4 v0000025e6dc4feb0_0, 0;
    %jmp T_8.1;
T_8.0 ;
    %load/vec4 v0000025e6dc50770_0;
    %dup/vec4;
    %pushi/vec4 0, 0, 3;
    %cmp/u;
    %jmp/1 T_8.2, 6;
    %dup/vec4;
    %pushi/vec4 1, 0, 3;
    %cmp/u;
    %jmp/1 T_8.3, 6;
    %dup/vec4;
    %pushi/vec4 2, 0, 3;
    %cmp/u;
    %jmp/1 T_8.4, 6;
    %dup/vec4;
    %pushi/vec4 3, 0, 3;
    %cmp/u;
    %jmp/1 T_8.5, 6;
    %jmp T_8.6;
T_8.2 ;
    %load/vec4 v0000025e6dc4f7d0_0;
    %assign/vec4 v0000025e6dc4f410_0, 0;
    %pushi/vec4 1, 0, 3;
    %assign/vec4 v0000025e6dc50770_0, 0;
    %jmp T_8.6;
T_8.3 ;
    %pushi/vec4 2, 0, 3;
    %assign/vec4 v0000025e6dc50770_0, 0;
    %jmp T_8.6;
T_8.4 ;
    %load/vec4 v0000025e6dc4f0f0_0;
    %flag_set/vec4 9;
    %flag_get/vec4 9;
    %jmp/0 T_8.9, 9;
    %load/vec4 v0000025e6dc50d10_0;
    %nor/r;
    %and;
T_8.9;
    %flag_set/vec4 8;
    %jmp/0xz  T_8.7, 8;
    %load/vec4 v0000025e6dc4fe10_0;
    %assign/vec4 v0000025e6dc4feb0_0, 0;
T_8.7 ;
    %pushi/vec4 3, 0, 3;
    %assign/vec4 v0000025e6dc50770_0, 0;
    %jmp T_8.6;
T_8.5 ;
    %load/vec4 v0000025e6dc50d10_0;
    %flag_set/vec4 8;
    %jmp/0xz  T_8.10, 8;
    %load/vec4 v0000025e6dc503b0_0;
    %assign/vec4 v0000025e6dc4feb0_0, 0;
T_8.10 ;
    %load/vec4 v0000025e6dc4f550_0;
    %addi 1, 0, 4;
    %assign/vec4 v0000025e6dc4f550_0, 0;
    %pushi/vec4 0, 0, 3;
    %assign/vec4 v0000025e6dc50770_0, 0;
    %jmp T_8.6;
T_8.6 ;
    %pop/vec4 1;
T_8.1 ;
    %jmp T_8;
    .thread T_8;
    .scope S_0000025e6dbf1850;
T_9 ;
    %pushi/vec4 0, 0, 1;
    %store/vec4 v0000025e6dc508b0_0, 0, 1;
T_9.0 ;
    %delay 5000, 0;
    %load/vec4 v0000025e6dc508b0_0;
    %inv;
    %store/vec4 v0000025e6dc508b0_0, 0, 1;
    %jmp T_9.0;
    %end;
    .thread T_9;
    .scope S_0000025e6dbf1850;
T_10 ;
    %vpi_call 2 14 "$dumpfile", "sim/processor.vcd" {0 0 0};
    %vpi_call 2 15 "$dumpvars", 32'sb00000000000000000000000000000000, S_0000025e6dbf1850 {0 0 0};
    %pushi/vec4 1, 0, 1;
    %store/vec4 v0000025e6dc50950_0, 0, 1;
    %delay 10000, 0;
    %pushi/vec4 0, 0, 1;
    %store/vec4 v0000025e6dc50950_0, 0, 1;
    %delay 300000, 0;
    %vpi_call 2 18 "$finish" {0 0 0};
    %end;
    .thread T_10;
# The file index is used to find the file name in the following table.
:file_names 10;
    "N/A";
    "<interactive>";
    "processor_tb.v";
    "processor.v";
    "alu.v";
    "control_unit.v";
    "decoder.v";
    "data_memory.v";
    "program_memory.v";
    "register_file.v";
